<?xml version="1.0" encoding="UTF-8"?>
<!-- Generated by org.testng.reporters.JUnitReportReporter -->
<testsuite hostname="ankurloktra-Inspiron-15-3567" failures="0" tests="1" name="Android.testcases.Lead.AddReferLead" time="18.085" errors="0" timestamp="2019-09-26T17:32:51 IST" skipped="0">
  <testcase classname="Android.testcases.Lead.AddReferLead" name="AddreferLead" time="18.085"/>
</testsuite> <!-- Android.testcases.Lead.AddReferLead -->
