<?xml version="1.0" encoding="UTF-8"?>
<!-- Generated by org.testng.reporters.JUnitReportReporter -->
<testsuite hostname="ankurloktra-Inspiron-15-3567" failures="0" tests="1" name="Android.testcases.Products.getleadproduct" time="1.515" errors="0" timestamp="2019-10-14T17:49:48 IST" skipped="0">
  <testcase classname="Android.testcases.Products.getleadproduct" name="getLeadproduct" time="1.515"/>
</testsuite> <!-- Android.testcases.Products.getleadproduct -->
