<?xml version="1.0" encoding="UTF-8"?>
<!-- Generated by org.testng.reporters.JUnitReportReporter -->
<testsuite skipped="0" hostname="DESKTOP-QDVUGVC" name="Android.testcases.AddSelfLead" tests="1" failures="0" timestamp="2019-09-19T17:42:41 IST" time="5.984" errors="0">
  <testcase name="addSelfLead" time="5.984" classname="Android.testcases.AddSelfLead"/>
</testsuite> <!-- Android.testcases.AddSelfLead -->
