<?xml version="1.0" encoding="UTF-8"?>
<!-- Generated by org.testng.reporters.JUnitReportReporter -->
<testsuite hostname="ankurloktra-Inspiron-15-3567" failures="0" tests="1" name="Android.testcases.Lead.getleadproduct_s" time="4.235" errors="0" timestamp="2019-09-26T15:30:48 IST" skipped="0">
  <testcase classname="Android.testcases.Lead.getleadproduct_s" name="getleadForm" time="4.235"/>
</testsuite> <!-- Android.testcases.Lead.getleadproduct_s -->
