<?xml version="1.0" encoding="UTF-8"?>
<!-- Generated by org.testng.reporters.JUnitReportReporter -->
<testsuite hostname="ankurloktra-Inspiron-15-3567" failures="0" tests="1" name="Android.testcases.AddReferLead" time="2.861" errors="0" timestamp="2019-09-23T14:54:35 IST" skipped="0">
  <testcase classname="Android.testcases.AddReferLead" name="AddreferLead" time="2.861"/>
</testsuite> <!-- Android.testcases.AddReferLead -->
