<?xml version="1.0" encoding="UTF-8"?>
<!-- Generated by org.testng.reporters.JUnitReportReporter -->
<testsuite skipped="0" hostname="DESKTOP-QDVUGVC" name="Android.testcases.getLeadForm" tests="1" failures="0" timestamp="2019-09-19T11:20:05 IST" time="0.462" errors="0">
  <testcase name="getLeadForm" time="0.462" classname="Android.testcases.getLeadForm"/>
</testsuite> <!-- Android.testcases.getLeadForm -->
