<?xml version="1.0" encoding="UTF-8"?>
<!-- Generated by org.testng.reporters.JUnitReportReporter -->
<testsuite skipped="0" hostname="DESKTOP-QDVUGVC" name="Android.testcases.getUserDetails" tests="1" failures="0" timestamp="2019-09-19T12:16:35 IST" time="6.152" errors="0">
  <testcase name="getUserDetails" time="6.152" classname="Android.testcases.getUserDetails"/>
</testsuite> <!-- Android.testcases.getUserDetails -->
