<?xml version="1.0" encoding="UTF-8"?>
<!-- Generated by org.testng.reporters.JUnitReportReporter -->
<testsuite hostname="ankurloktra-Inspiron-15-3567" failures="0" tests="1" name="Android.testcases.Lead.AddSelfLead" time="16.804" errors="0" timestamp="2019-10-15T13:33:59 IST" skipped="0">
  <testcase classname="Android.testcases.Lead.AddSelfLead" name="addSelfLead" time="16.804"/>
</testsuite> <!-- Android.testcases.Lead.AddSelfLead -->
