<?xml version="1.0" encoding="UTF-8"?>
<!-- Generated by org.testng.reporters.JUnitReportReporter -->
<testsuite skipped="0" hostname="DESKTOP-QDVUGVC" name="Android.Base.BasePage" tests="1" failures="0" timestamp="2019-09-17T16:13:25 IST" time="4.035" errors="0">
  <testcase name="setup" time="4.035" classname="Android.Base.BasePage"/>
</testsuite> <!-- Android.Base.BasePage -->
