<?xml version="1.0" encoding="UTF-8"?>
<!-- Generated by org.testng.reporters.JUnitReportReporter -->
<testsuite hostname="ankurloktra-Inspiron-15-3567" failures="0" tests="1" name="Android.testcases.Lead.UpdateLead" time="8.147" errors="0" timestamp="2019-10-01T16:35:21 IST" skipped="0">
  <testcase classname="Android.testcases.Lead.UpdateLead" name="updateLead" time="8.147"/>
</testsuite> <!-- Android.testcases.Lead.UpdateLead -->
