<?xml version="1.0" encoding="UTF-8"?>
<!-- Generated by org.testng.reporters.JUnitReportReporter -->
<testsuite hostname="ankurloktra-Inspiron-15-3567" failures="0" tests="1" name="Android.testcases.Lead.getSelfLeads" time="0.961" errors="0" timestamp="2019-10-15T13:33:59 IST" skipped="0">
  <testcase classname="Android.testcases.Lead.getSelfLeads" name="getLeads" time="0.961"/>
</testsuite> <!-- Android.testcases.Lead.getSelfLeads -->
