<?xml version="1.0" encoding="UTF-8"?>
<!-- Generated by org.testng.reporters.JUnitReportReporter -->
<testsuite hostname="ankurloktra-Inspiron-15-3567" failures="0" tests="1" name="Android.testcases.Addresses.AddAddress" time="0.410" errors="0" timestamp="2019-10-14T17:49:48 IST" skipped="0">
  <testcase classname="Android.testcases.Addresses.AddAddress" name="addAddress" time="0.410"/>
</testsuite> <!-- Android.testcases.Addresses.AddAddress -->
