<?xml version="1.0" encoding="UTF-8"?>
<!-- Generated by org.testng.reporters.JUnitReportReporter -->
<testsuite hostname="ankurloktra-Inspiron-15-3567" failures="0" tests="1" name="Android.testcases.Lead.AddSelfLead" time="9.761" errors="0" timestamp="2019-09-26T17:33:09 IST" skipped="0">
  <testcase classname="Android.testcases.Lead.AddSelfLead" name="addSelfLead" time="9.761"/>
</testsuite> <!-- Android.testcases.Lead.AddSelfLead -->
