<?xml version="1.0" encoding="UTF-8"?>
<!-- Generated by org.testng.reporters.JUnitReportReporter -->
<testsuite hostname="ankurloktra-Inspiron-15-3567" failures="0" tests="1" name="Android.testcases.Lead.AddReferLead" time="30.942" errors="0" timestamp="2019-09-30T21:51:05 IST" skipped="0">
  <testcase classname="Android.testcases.Lead.AddReferLead" name="AddreferLead" time="30.942"/>
</testsuite> <!-- Android.testcases.Lead.AddReferLead -->
