<?xml version="1.0" encoding="UTF-8"?>
<!-- Generated by org.testng.reporters.JUnitReportReporter -->
<testsuite hostname="ankurloktra-Inspiron-15-3567" failures="0" tests="1" name="Android.testcases.Login.LoginTest" time="3.515" errors="0" timestamp="2019-10-01T16:11:15 IST" skipped="0">
  <testcase classname="Android.testcases.Login.LoginTest" name="login" time="3.515"/>
</testsuite> <!-- Android.testcases.Login.LoginTest -->
