<?xml version="1.0" encoding="UTF-8"?>
<!-- Generated by org.testng.reporters.JUnitReportReporter -->
<testsuite hostname="ankurloktra-Inspiron-15-3567" failures="0" tests="2" name="Android.testcases.UpdateLead" time="4.138" errors="0" timestamp="2019-09-24T15:43:39 IST" skipped="0">
  <testcase classname="Android.testcases.UpdateLead" name="addSelfLead" time="1.971"/>
  <testcase classname="Android.testcases.UpdateLead" name="updateLead" time="2.167"/>
</testsuite> <!-- Android.testcases.UpdateLead -->
