<?xml version="1.0" encoding="UTF-8"?>
<!-- Generated by org.testng.reporters.JUnitReportReporter -->
<testsuite hostname="ankurloktra-Inspiron-15-3567" failures="0" tests="1" name="Android.testcases.Lead.getleadproduct_r" time="4.059" errors="0" timestamp="2019-09-26T17:29:23 IST" skipped="0">
  <testcase classname="Android.testcases.Lead.getleadproduct_r" name="getleadForm" time="4.059"/>
</testsuite> <!-- Android.testcases.Lead.getleadproduct_r -->
