<?xml version="1.0" encoding="UTF-8"?>
<!-- Generated by org.testng.reporters.JUnitReportReporter -->
<testsuite hostname="ankurloktra-Inspiron-15-3567" failures="0" tests="1" name="Android.testcases.Lead.getleadproduct" time="4.584" errors="0" timestamp="2019-09-27T11:58:05 IST" skipped="0">
  <testcase classname="Android.testcases.Lead.getleadproduct" name="getleadForm" time="4.584"/>
</testsuite> <!-- Android.testcases.Lead.getleadproduct -->
