<?xml version="1.0" encoding="UTF-8"?>
<!-- Generated by org.testng.reporters.JUnitReportReporter -->
<testsuite hostname="ankurloktra-Inspiron-15-3567" failures="0" tests="1" name="Android.testcases.AddSelfLead" time="4.680" errors="0" timestamp="2019-09-24T15:43:39 IST" skipped="0">
  <testcase classname="Android.testcases.AddSelfLead" name="addSelfLead" time="4.680"/>
</testsuite> <!-- Android.testcases.AddSelfLead -->
