<?xml version="1.0" encoding="UTF-8"?>
<!-- Generated by org.testng.reporters.JUnitReportReporter -->
<testsuite hostname="ankurloktra-Inspiron-15-3567" failures="0" tests="1" name="Android.testcases.Lead.getleadproduct" time="4.893" errors="0" timestamp="2019-10-09T11:56:32 IST" skipped="0">
  <testcase classname="Android.testcases.Lead.getleadproduct" name="getLeadproduct" time="4.893"/>
</testsuite> <!-- Android.testcases.Lead.getleadproduct -->
