<?xml version="1.0" encoding="UTF-8"?>
<!-- Generated by org.testng.reporters.JUnitReportReporter -->
<testsuite hostname="ankurloktra-Inspiron-15-3567" failures="0" tests="1" name="Android.testcases.Addresses.Products" time="0.020" errors="0" timestamp="2019-10-14T13:05:29 IST" skipped="0">
  <testcase classname="Android.testcases.Addresses.Products" name="Products" time="0.020"/>
</testsuite> <!-- Android.testcases.Addresses.Products -->
