<?xml version="1.0" encoding="UTF-8"?>
<!-- Generated by org.testng.reporters.JUnitReportReporter -->
<testsuite hostname="ankurloktra-Inspiron-15-3567" failures="0" tests="1" name="Android.testcases.Addresses.UpdateAddress" time="0.001" errors="0" timestamp="2019-10-14T17:49:48 IST" skipped="0">
  <testcase classname="Android.testcases.Addresses.UpdateAddress" name="updateAddress" time="0.001"/>
</testsuite> <!-- Android.testcases.Addresses.UpdateAddress -->
